<?xml version="1.0" encoding="UTF-8"?>
<!-- Generated by org.testng.reporters.JUnitReportReporter -->
<testsuite hostname="KalyanPC" failures="0" tests="1" name="test.java.TestCase" time="0.010" errors="0" timestamp="2023-10-01T15:07:22 BST" skipped="0">
  <testcase classname="test.java.TestCase" name="case1" time="0.010"/>
  <system-out/>
</testsuite> <!-- test.java.TestCase -->
