<?xml version="1.0" encoding="UTF-8"?>
<!-- Generated by org.testng.reporters.JUnitReportReporter -->
<testsuite hostname="KalyanPC" failures="0" tests="3" name="test.java.SitaAutoTask" time="5.381" errors="0" timestamp="2023-10-02T09:48:18 BST" skipped="0">
  <testcase classname="test.java.SitaAutoTask" name="exploreCaribbean" time="1.792"/>
  <system-out/>
  <testcase classname="test.java.SitaAutoTask" name="reserveKingston" time="1.604"/>
  <system-out/>
  <testcase classname="test.java.SitaAutoTask" name="makeReservation" time="1.985"/>
  <system-out/>
</testsuite> <!-- test.java.SitaAutoTask -->
